Running "module reset". Resetting modules to system default. The following $MODULEPATH directories have been removed: None
Building 
Starting build_gsi_enkf.sh
Starting build_ufs_gfs.sh
Starting build_gfs_utils.sh
Starting build_ww3_gfs.sh
Starting build_gdas.sh
Starting build_ufs_utils.sh
Starting build_gsi_utils.sh
Starting build_gsi_monitor.sh
Starting build_upp.sh
build_gfs_utils.sh completed successfully!
build_ufs_utils.sh completed successfully!
build_gsi_utils.sh completed successfully!
build_gsi_monitor.sh completed successfully!
build_ww3prepost.sh completed successfully!
build_upp.sh completed successfully!
build_gsi_enkf.sh completed successfully!
build_ufs.sh completed successfully!
build_gdas.sh completed successfully!

 .... Build system finished .... 
